2021-09-14 11:52:54,849:INFO:Initializing load_model()
2021-09-14 11:52:54,849:INFO:load_model(model_name=insurance_prediction_model, platform=None, authentication=None, verbose=True)
2021-09-14 11:52:58,927:INFO:Initializing load_model()
2021-09-14 11:52:58,927:INFO:load_model(model_name=insurance_prediction_model, platform=None, authentication=None, verbose=True)
2021-09-14 11:53:13,460:INFO:Initializing predict_model()
2021-09-14 11:53:13,460:INFO:predict_model(estimator=Pipeline(steps=[('dtypes',
                 DataTypes_Auto_infer(ml_usecase='regression',
                                      target='charges')),
                ('imputer',
                 Simple_Imputer(categorical_strategy='not_available',
                                fill_value_categorical=None,
                                fill_value_numerical=None,
                                numeric_strategy='mean',
                                target_variable=None)),
                ('new_levels1',
                 New_Catagorical_Levels_in_TestData(replacement_strategy='least '
                                                                         'frequent',
                                                    target=...
                ('fix_perfect', Remove_100(target='charges')),
                ('clean_names', Clean_Colum_Names()),
                ('feature_select', 'passthrough'), ('fix_multi', 'passthrough'),
                ('dfs',
                 DFS_Classic(interactions=['multiply'], ml_usecase='regression',
                             n_jobs=-1, random_state=1997, subclass='binary',
                             target='charges',
                             top_features_to_pick_percentage=None)),
                ('pca', 'passthrough'),
                ['trained_model', LinearRegression(n_jobs=-1)]]), probability_threshold=None, encoded_labels=True, raw_score=False, round=0, verbose=True, ml_usecase=MLUsecase.REGRESSION, display=None)
2021-09-14 11:53:13,460:INFO:Checking exceptions
2021-09-14 11:53:13,460:INFO:Preloading libraries
2021-09-14 11:53:18,140:INFO:Initializing load_model()
2021-09-14 11:53:18,140:INFO:load_model(model_name=insurance_prediction_model, platform=None, authentication=None, verbose=True)
